PRT1
33
64
4 0 13 (640 1024 573.947021 ) (543.187012 1024 573.947021 ) (543.187012 1024 176 ) (640 1024 176 ) 
4 0 12 (640.268982 1024 573.947021 ) (640 1024 573.947021 ) (640 1024 176 ) (640.268982 1024 176 ) 
4 0 14 (543.187012 1024 573.947021 ) (0 1024 573.947021 ) (0 1024 176 ) (543.187012 1024 176 ) 
4 0 6 (0 1055.939941 573.947021 ) (0 1150.280029 573.947021 ) (0 1150.280029 176 ) (0 1055.939941 176 ) 
4 0 7 (0 1024 176 ) (0 1024 573.947021 ) (0 1055.939941 573.947021 ) (0 1055.939941 176 ) 
4 0 3 (543.187012 1055.939941 176 ) (543.187012 1024 176 ) (0 1024 176 ) (0 1055.939941 176 ) 
4 0 2 (544.195007 1150.280029 176 ) (640 1150.280029 176 ) (640 1056.939941 176 ) (544.195007 1056.939941 176 ) 
4 0 1 (640 1150.280029 176 ) (640.268982 1150.280029 176 ) (640.268982 1024 176 ) (640 1024 176 ) 
4 1 12 (640 1024 16 ) (640.268982 1024 16 ) (640.268982 1024 176 ) (640 1024 176 ) 
4 1 5 (640.268982 1056 16 ) (640.268982 1024 16 ) (640 1024 16 ) (640 1056 16 ) 
4 1 4 (640 1150.280029 16 ) (640.268982 1150.280029 16 ) (640.268982 1056 16 ) (640 1056 16 ) 
4 1 2 (640 1056.939941 176 ) (640 1150.280029 176 ) (640 1150.280029 16 ) (640 1056.939941 16 ) 
4 2 4 (544.195007 1150.280029 16 ) (640 1150.280029 16 ) (640 1056.939941 16 ) (544.195007 1056.939941 16 ) 
4 3 14 (0 1024 176 ) (0 1024 16 ) (543.187012 1024 16 ) (543.187012 1024 176 ) 
4 3 7 (0 1024 16 ) (0 1024 176 ) (0 1055.939941 176 ) (0 1055.939941 16 ) 
4 4 10 (0 1056 -5.947180 ) (0 1056 16 ) (0 1150.280029 16 ) (0 1150.280029 -5.947180 ) 
4 4 5 (640.268982 1056 -5.947180 ) (640.268982 1056 16 ) (544 1056 16 ) (544 1056 -5.947180 ) 
4 5 15 (640.268982 1024 -5.947180 ) (640.268982 1024 16 ) (544 1024 16 ) (544 1024 -5.947180 ) 
4 6 8 (-811.187012 1150.280029 573.947021 ) (-811.187012 1150.280029 176 ) (-811.187012 1055.939941 176 ) (-811.187012 1055.939941 573.947021 ) 
4 6 7 (-811.187012 1055.939941 573.947021 ) (-811.187012 1055.939941 176 ) (0 1055.939941 176 ) (0 1055.939941 573.947021 ) 
4 7 24 (0 1024 16 ) (0 1024 573.947021 ) (-811.187012 1024 573.947021 ) (-811.187012 1024 16 ) 
4 7 9 (-811.187012 1024 176 ) (-811.187012 1024 573.947021 ) (-811.187012 1055.939941 573.947021 ) (-811.187012 1055.939941 176 ) 
4 8 10 (-894.268982 1150.280029 16 ) (-811.187012 1150.280029 16 ) (-811.187012 1055.939941 16 ) (-894.268982 1055.939941 16 ) 
4 8 9 (-811.187012 1055.939941 176 ) (-811.187012 1055.939941 573.947021 ) (-894.268982 1055.939941 573.947021 ) (-894.268982 1055.939941 176 ) 
4 9 25 (-811.187012 1024 573.947021 ) (-894.268982 1024 573.947021 ) (-894.268982 1024 176 ) (-811.187012 1024 176 ) 
4 10 11 (-894.268982 1056 16 ) (-894.268982 1056 -5.947180 ) (-832 1056 -5.947180 ) (-832 1056 16 ) 
4 11 26 (-832 1024 16 ) (-894.268982 1024 16 ) (-894.268982 1024 -5.947180 ) (-832 1024 -5.947180 ) 
4 12 16 (640.268982 0 573.947021 ) (640 0 573.947021 ) (640 0 16 ) (640.268982 0 16 ) 
4 12 15 (640 1024 16 ) (640.268982 1024 16 ) (640.268982 0 16 ) (640 0 16 ) 
4 12 13 (640 0 176 ) (640 0 573.947021 ) (640 1024 573.947021 ) (640 1024 176 ) 
4 13 17 (640 0 573.947021 ) (543.187012 0 573.947021 ) (543.187012 0 176 ) (640 0 176 ) 
4 13 14 (543.187012 0 176 ) (543.187012 0 573.947021 ) (543.187012 1024 573.947021 ) (543.187012 1024 176 ) 
4 14 24 (0 1024 573.947021 ) (0 1024 16 ) (0 0 16 ) (0 0 573.947021 ) 
4 14 18 (543.187012 0 573.947021 ) (0 0 573.947021 ) (0 0 16 ) (543.187012 0 16 ) 
4 15 22 (640.268982 0 16 ) (544 0 16 ) (544 0 -5.947180 ) (640.268982 0 -5.947180 ) 
4 16 22 (640 0 16 ) (640.268982 0 16 ) (640.268982 -287.937988 16 ) (640 -287.937988 16 ) 
4 16 19 (640 -287.937988 16 ) (640.268982 -287.937988 16 ) (640.268982 -287.937988 573.947021 ) (640 -287.937988 573.947021 ) 
4 16 17 (640 -287.937988 176 ) (640 -287.937988 573.947021 ) (640 0 573.947021 ) (640 0 176 ) 
4 17 19 (640 -287.937988 176 ) (640 -287.937988 573.947021 ) (543.187012 -287.937988 573.947021 ) (543.187012 -287.937988 176 ) 
4 17 18 (543.187012 -287.937988 176 ) (543.187012 -287.937988 573.947021 ) (543.187012 0 573.947021 ) (543.187012 0 176 ) 
4 18 28 (0 0 176 ) (0 0 16 ) (0 -287.937988 16 ) (0 -287.937988 176 ) 
4 18 27 (0 -287.937988 573.947021 ) (0 0 573.947021 ) (0 0 176 ) (0 -287.937988 176 ) 
4 18 20 (543.187012 -287.937988 176 ) (543.187012 -287.937988 573.947021 ) (0 -287.937988 573.947021 ) (0 -287.937988 176 ) 
4 19 23 (543.187012 -287.937988 16 ) (640.268982 -287.937988 16 ) (640.268982 -391.720032 16 ) (543.187012 -391.720032 16 ) 
4 19 20 (543.187012 -287.937988 573.947021 ) (543.187012 -287.937988 176 ) (543.187012 -384 176 ) (543.187012 -384 573.947021 ) 
4 19 21 (543.187012 -384 16 ) (543.187012 -391.720032 16 ) (543.187012 -391.720032 573.947021 ) (543.187012 -384 573.947021 ) 
4 20 27 (0 -384 573.947021 ) (0 -287.937988 573.947021 ) (0 -287.937988 176 ) (0 -384 176 ) 
4 20 21 (543.187012 -384 176 ) (543.187012 -384 573.947021 ) (0 -384 573.947021 ) (0 -384 176 ) 
4 21 30 (0 -391.720032 573.947021 ) (0 -384 573.947021 ) (0 -384 16 ) (0 -391.720032 16 ) 
4 21 23 (0 -391.720032 16 ) (0 -384 16 ) (543.187012 -384 16 ) (543.187012 -391.720032 16 ) 
4 22 23 (544 -288 -5.947180 ) (640.268982 -288 -5.947180 ) (640.268982 -288 16 ) (544 -288 16 ) 
4 23 32 (0 -391.720032 16 ) (0 -288 16 ) (0 -288 -5.947180 ) (0 -391.720032 -5.947180 ) 
4 24 28 (0 0 16 ) (0 0 176 ) (-811.187012 0 176 ) (-811.187012 0 16 ) 
4 24 27 (0 0 176 ) (0 0 573.947021 ) (-811.187012 0 573.947021 ) (-811.187012 0 176 ) 
4 24 25 (-811.187012 0 176 ) (-811.187012 0 573.947021 ) (-811.187012 1024 573.947021 ) (-811.187012 1024 176 ) 
4 25 27 (-811.187012 0 573.947021 ) (-894.268982 0 573.947021 ) (-894.268982 0 176 ) (-811.187012 0 176 ) 
4 26 31 (-832 0 -5.947180 ) (-832 0 16 ) (-894.268982 0 16 ) (-894.268982 0 -5.947180 ) 
4 27 30 (-894.268982 -384 573.947021 ) (-894.268982 -384 176 ) (0 -384 176 ) (0 -384 573.947021 ) 
4 27 29 (-812.195007 -384 176 ) (-894.268982 -384 176 ) (-894.268982 -288.937988 176 ) (-812.195007 -288.937988 176 ) 
4 27 28 (-811.187012 -287.937988 176 ) (-811.187012 0 176 ) (0 0 176 ) (0 -287.937988 176 ) 
4 29 32 (-812.195007 -384 16 ) (-894.268982 -384 16 ) (-894.268982 -288.937988 16 ) (-812.195007 -288.937988 16 ) 
4 29 30 (-894.268982 -384 176 ) (-894.268982 -384 16 ) (-812.195007 -384 16 ) (-812.195007 -384 176 ) 
4 30 32 (0 -384 16 ) (0 -391.720032 16 ) (-894.268982 -391.720032 16 ) (-894.268982 -384 16 ) 
4 31 32 (-894.268982 -288 16 ) (-894.268982 -288 -5.947180 ) (-832 -288 -5.947180 ) (-832 -288 16 ) 
